0 verbose cli C:\Program Files\nodejs\node.exe C:\Program Files\nodejs\node_modules\npm\bin\npm-cli.js
1 info using npm@10.9.3
2 info using node@v22.20.0
3 silly config load:file:C:\Program Files\nodejs\node_modules\npm\npmrc
4 silly config load:file:D:\Brainybeam\MarketHub_MERN_Project\backend\.npmrc
5 silly config load:file:C:\Users\ritik\.npmrc
6 silly config load:file:C:\Users\ritik\AppData\Roaming\npm\etc\npmrc
7 verbose title npm install nodemailer
8 verbose argv "install" "nodemailer"
9 verbose logfile logs-max:10 dir:D:\Brainybeam\MarketHub_MERN_Project\backend\.npm-cache\_logs\2026-05-08T13_39_27_537Z-
10 verbose logfile D:\Brainybeam\MarketHub_MERN_Project\backend\.npm-cache\_logs\2026-05-08T13_39_27_537Z-debug-0.log
11 silly logfile done cleaning log files
12 silly packumentCache heap:4345298944 maxSize:1086324736 maxEntrySize:543162368
13 silly idealTree buildDeps
14 silly fetch manifest nodemailer@*
15 silly packumentCache full:https://registry.npmjs.org/nodemailer cache-miss
16 http fetch GET 200 https://registry.npmjs.org/nodemailer 295ms (cache miss)
17 silly packumentCache full:https://registry.npmjs.org/nodemailer set size:undefined disposed:false
18 silly placeDep ROOT nodemailer@8.0.7 OK for: markethub-backend@1.0.0 want: *
19 silly reify moves {}
20 http fetch GET 200 https://registry.npmjs.org/npm 379ms
21 silly audit bulk request {
21 silly audit   '@mongodb-js/saslprep': [ '1.4.6' ],
21 silly audit   '@types/webidl-conversions': [ '7.0.3' ],
21 silly audit   '@types/whatwg-url': [ '13.0.0' ],
21 silly audit   accepts: [ '2.0.0' ],
21 silly audit   'append-field': [ '1.0.0' ],
21 silly audit   asynckit: [ '0.4.0' ],
21 silly audit   axios: [ '1.15.0' ],
21 silly audit   bcryptjs: [ '3.0.3' ],
21 silly audit   'body-parser': [ '2.2.2' ],
21 silly audit   bson: [ '7.2.0' ],
21 silly audit   'buffer-equal-constant-time': [ '1.0.1' ],
21 silly audit   'buffer-from': [ '1.1.2' ],
21 silly audit   busboy: [ '1.6.0' ],
21 silly audit   bytes: [ '3.1.2' ],
21 silly audit   'call-bind-apply-helpers': [ '1.0.2' ],
21 silly audit   'call-bound': [ '1.0.4' ],
21 silly audit   clsx: [ '2.1.1' ],
21 silly audit   'combined-stream': [ '1.0.8' ],
21 silly audit   'concat-stream': [ '2.0.0' ],
21 silly audit   'content-disposition': [ '1.0.1' ],
21 silly audit   'content-type': [ '1.0.5' ],
21 silly audit   cookie: [ '0.7.2' ],
21 silly audit   'cookie-signature': [ '1.2.2' ],
21 silly audit   cors: [ '2.8.6' ],
21 silly audit   debug: [ '4.4.3' ],
21 silly audit   'delayed-stream': [ '1.0.0' ],
21 silly audit   depd: [ '2.0.0' ],
21 silly audit   dotenv: [ '17.3.1' ],
21 silly audit   'dunder-proto': [ '1.0.1' ],
21 silly audit   'ecdsa-sig-formatter': [ '1.0.11' ],
21 silly audit   'ee-first': [ '1.1.1' ],
21 silly audit   encodeurl: [ '2.0.0' ],
21 silly audit   'es-define-property': [ '1.0.1' ],
21 silly audit   'es-errors': [ '1.3.0' ],
21 silly audit   'es-object-atoms': [ '1.1.1' ],
21 silly audit   'es-set-tostringtag': [ '2.1.0' ],
21 silly audit   'escape-html': [ '1.0.3' ],
21 silly audit   etag: [ '1.8.1' ],
21 silly audit   express: [ '5.2.1' ],
21 silly audit   finalhandler: [ '2.1.1' ],
21 silly audit   'follow-redirects': [ '1.16.0' ],
21 silly audit   'form-data': [ '4.0.5' ],
21 silly audit   'mime-db': [ '1.52.0', '1.54.0' ],
21 silly audit   'mime-types': [ '2.1.35', '3.0.2' ],
21 silly audit   forwarded: [ '0.2.0' ],
21 silly audit   fresh: [ '2.0.0' ],
21 silly audit   'function-bind': [ '1.1.2' ],
21 silly audit   'get-intrinsic': [ '1.3.0' ],
21 silly audit   'get-proto': [ '1.0.1' ],
21 silly audit   gopd: [ '1.2.0' ],
21 silly audit   'has-symbols': [ '1.1.0' ],
21 silly audit   'has-tostringtag': [ '1.0.2' ],
21 silly audit   hasown: [ '2.0.2' ],
21 silly audit   'http-errors': [ '2.0.1' ],
21 silly audit   'iconv-lite': [ '0.7.2' ],
21 silly audit   inherits: [ '2.0.4' ],
21 silly audit   'ipaddr.js': [ '1.9.1' ],
21 silly audit   'is-promise': [ '4.0.0' ],
21 silly audit   jsonwebtoken: [ '9.0.3' ],
21 silly audit   jwa: [ '2.0.1' ],
21 silly audit   jws: [ '4.0.1' ],
21 silly audit   kareem: [ '3.2.0' ],
21 silly audit   'lodash.includes': [ '4.3.0' ],
21 silly audit   'lodash.isboolean': [ '3.0.3' ],
21 silly audit   'lodash.isinteger': [ '4.0.4' ],
21 silly audit   'lodash.isnumber': [ '3.0.3' ],
21 silly audit   'lodash.isplainobject': [ '4.0.6' ],
21 silly audit   'lodash.isstring': [ '4.0.1' ],
21 silly audit   'lodash.once': [ '4.1.1' ],
21 silly audit   'math-intrinsics': [ '1.1.0' ],
21 silly audit   'media-typer': [ '1.1.0', '0.3.0' ],
21 silly audit   'memory-pager': [ '1.5.0' ],
21 silly audit   'merge-descriptors': [ '2.0.0' ],
21 silly audit   mongodb: [ '7.0.0' ],
21 silly audit   'mongodb-connection-string-url': [ '7.0.1' ],
21 silly audit   mongoose: [ '9.2.4' ],
21 silly audit   mpath: [ '0.9.0' ],
21 silly audit   mquery: [ '6.0.0' ],
21 silly audit   ms: [ '2.1.3' ],
21 silly audit   multer: [ '2.1.1' ],
21 silly audit   'type-is': [ '1.6.18', '2.0.1' ],
21 silly audit   negotiator: [ '1.0.0' ],
21 silly audit   'object-assign': [ '4.1.1' ],
21 silly audit   'object-inspect': [ '1.13.4' ],
21 silly audit   'on-finished': [ '2.4.1' ],
21 silly audit   once: [ '1.4.0' ],
21 silly audit   parseurl: [ '1.3.3' ],
21 silly audit   'path-to-regexp': [ '8.4.2' ],
21 silly audit   'proxy-addr': [ '2.0.7' ],
21 silly audit   'proxy-from-env': [ '2.1.0' ],
21 silly audit   punycode: [ '2.3.1' ],
21 silly audit   qs: [ '6.15.0' ],
21 silly audit   'range-parser': [ '1.2.1' ],
21 silly audit   'raw-body': [ '3.0.2' ],
21 silly audit   razorpay: [ '2.9.6' ],
21 silly audit   react: [ '19.2.5' ],
21 silly audit   'react-dom': [ '19.2.5' ],
21 silly audit   'react-toastify': [ '11.0.5' ],
21 silly audit   'readable-stream': [ '3.6.2' ],
21 silly audit   router: [ '2.2.0' ],
21 silly audit   'safe-buffer': [ '5.2.1' ],
21 silly audit   'safer-buffer': [ '2.1.2' ],
21 silly audit   scheduler: [ '0.27.0' ],
21 silly audit   semver: [ '7.7.4' ],
21 silly audit   send: [ '1.2.1' ],
21 silly audit   'serve-static': [ '2.2.1' ],
21 silly audit   setprototypeof: [ '1.2.0' ],
21 silly audit   'side-channel': [ '1.1.0' ],
21 silly audit   'side-channel-list': [ '1.0.0' ],
21 silly audit   'side-channel-map': [ '1.0.1' ],
21 silly audit   'side-channel-weakmap': [ '1.0.2' ],
21 silly audit   sift: [ '17.1.3' ],
21 silly audit   'sparse-bitfield': [ '3.0.3' ],
21 silly audit   statuses: [ '2.0.2' ],
21 silly audit   streamsearch: [ '1.1.0' ],
21 silly audit   string_decoder: [ '1.3.0' ],
21 silly audit   toidentifier: [ '1.0.1' ],
21 silly audit   tr46: [ '5.1.1' ],
21 silly audit   typedarray: [ '0.0.6' ],
21 silly audit   unpipe: [ '1.0.0' ],
21 silly audit   'util-deprecate': [ '1.0.2' ],
21 silly audit   vary: [ '1.1.2' ],
21 silly audit   'webidl-conversions': [ '7.0.0' ],
21 silly audit   'whatwg-url': [ '14.2.0' ],
21 silly audit   wrappy: [ '1.0.2' ],
21 silly audit   nodemailer: [ '8.0.7' ]
21 silly audit }
22 http cache nodemailer@https://registry.npmjs.org/nodemailer/-/nodemailer-8.0.7.tgz 0ms (cache hit)
23 silly tarball no local data for nodemailer@https://registry.npmjs.org/nodemailer/-/nodemailer-8.0.7.tgz. Extracting by manifest.
24 http fetch GET 200 https://registry.npmjs.org/nodemailer/-/nodemailer-8.0.7.tgz 122ms (cache miss)
25 http fetch POST 200 https://registry.npmjs.org/-/npm/v1/security/advisories/bulk 290ms
26 silly audit report {
26 silly audit report   axios: [
26 silly audit report     {
26 silly audit report       id: 1117574,
26 silly audit report       url: 'https://github.com/advisories/GHSA-w9j2-pvgh-6h63',
26 silly audit report       title: 'Axios: Authentication Bypass via Prototype Pollution Gadget in `validateStatus` Merge Strategy',
26 silly audit report       severity: 'moderate',
26 silly audit report       vulnerable_versions: '>=1.0.0 <1.15.1',
26 silly audit report       cwe: [Array],
26 silly audit report       cvss: [Object]
26 silly audit report     },
26 silly audit report     {
26 silly audit report       id: 1117576,
26 silly audit report       url: 'https://github.com/advisories/GHSA-pmwg-cvhr-8vh7',
26 silly audit report       title: 'Axios: Incomplete Fix for CVE-2025-62718 — NO_PROXY Protection Bypassed via RFC 1122 Loopback Subnet (127.0.0.0/8) in Axios 1.15.0',
26 silly audit report       severity: 'high',
26 silly audit report       vulnerable_versions: '>=1.0.0 <1.15.1',
26 silly audit report       cwe: [Array],
26 silly audit report       cvss: [Object]
26 silly audit report     },
26 silly audit report     {
26 silly audit report       id: 1117577,
26 silly audit report       url: 'https://github.com/advisories/GHSA-3w6x-2g7m-8v23',
26 silly audit report       title: 'Axios: Invisible JSON Response Tampering via Prototype Pollution Gadget in `parseReviver`',
26 silly audit report       severity: 'moderate',
26 silly audit report       vulnerable_versions: '>=1.0.0 <1.15.2',
26 silly audit report       cwe: [Array],
26 silly audit report       cvss: [Object]
26 silly audit report     },
26 silly audit report     {
26 silly audit report       id: 1117578,
26 silly audit report       url: 'https://github.com/advisories/GHSA-q8qp-cvcw-x6jj',
26 silly audit report       title: 'Axios has prototype pollution read-side gadgets in HTTP adapter that allow credential injection and request hijacking',
26 silly audit report       severity: 'high',
26 silly audit report       vulnerable_versions: '>=1.0.0 <1.15.2',
26 silly audit report       cwe: [Array],
26 silly audit report       cvss: [Object]
26 silly audit report     },
26 silly audit report     {
26 silly audit report       id: 1117580,
26 silly audit report       url: 'https://github.com/advisories/GHSA-xhjh-pmcv-23jw',
26 silly audit report       title: 'Axios: Null Byte Injection via Reverse-Encoding in AxiosURLSearchParams',
26 silly audit report       severity: 'low',
26 silly audit report       vulnerable_versions: '>=1.0.0 <1.15.1',
26 silly audit report       cwe: [Array],
26 silly audit report       cvss: [Object]
26 silly audit report     },
26 silly audit report     {
26 silly audit report       id: 1117581,
26 silly audit report       url: 'https://github.com/advisories/GHSA-445q-vr5w-6q77',
26 silly audit report       title: 'Axios: CRLF Injection in multipart/form-data body via unsanitized blob.type in formDataToStream',
26 silly audit report       severity: 'moderate',
26 silly audit report       vulnerable_versions: '>=1.0.0 <1.15.1',
26 silly audit report       cwe: [Array],
26 silly audit report       cvss: [Object]
26 silly audit report     },
26 silly audit report     {
26 silly audit report       id: 1117583,
26 silly audit report       url: 'https://github.com/advisories/GHSA-m7pr-hjqh-92cm',
26 silly audit report       title: 'Axios: no_proxy bypass via IP alias allows SSRF',
26 silly audit report       severity: 'moderate',
26 silly audit report       vulnerable_versions: '>=1.0.0 <1.15.1',
26 silly audit report       cwe: [Array],
26 silly audit report       cvss: [Object]
26 silly audit report     },
26 silly audit report     {
26 silly audit report       id: 1117585,
26 silly audit report       url: 'https://github.com/advisories/GHSA-62hf-57xw-28j9',
26 silly audit report       title: 'Axios: unbounded recursion in toFormData causes DoS via deeply nested request data',
26 silly audit report       severity: 'moderate',
26 silly audit report       vulnerable_versions: '>=1.0.0 <1.15.1',
26 silly audit report       cwe: [Array],
26 silly audit report       cvss: [Object]
26 silly audit report     },
26 silly audit report     {
26 silly audit report       id: 1117587,
26 silly audit report       url: 'https://github.com/advisories/GHSA-5c9x-8gcm-mpgx',
26 silly audit report       title: "Axios' HTTP adapter-streamed uploads bypass maxBodyLength when maxRedirects: 0",
26 silly audit report       severity: 'moderate',
26 silly audit report       vulnerable_versions: '>=1.0.0 <1.15.1',
26 silly audit report       cwe: [Array],
26 silly audit report       cvss: [Object]
26 silly audit report     },
26 silly audit report     {
26 silly audit report       id: 1117589,
26 silly audit report       url: 'https://github.com/advisories/GHSA-vf2m-468p-8v99',
26 silly audit report       title: 'Axios: HTTP adapter streamed responses bypass maxContentLength',
26 silly audit report       severity: 'moderate',
26 silly audit report       vulnerable_versions: '>=1.0.0 <1.15.1',
26 silly audit report       cwe: [Array],
26 silly audit report       cvss: [Object]
26 silly audit report     },
26 silly audit report     {
26 silly audit report       id: 1117591,
26 silly audit report       url: 'https://github.com/advisories/GHSA-pf86-5x62-jrwf',
26 silly audit report       title: 'Axios: Prototype Pollution Gadgets - Response Tampering, Data Exfiltration, and Request Hijacking',
26 silly audit report       severity: 'high',
26 silly audit report       vulnerable_versions: '>=1.0.0 <1.15.1',
26 silly audit report       cwe: [Array],
26 silly audit report       cvss: [Object]
26 silly audit report     },
26 silly audit report     {
26 silly audit report       id: 1117593,
26 silly audit report       url: 'https://github.com/advisories/GHSA-6chq-wfr3-2hj9',
26 silly audit report       title: 'Axios: Header Injection via Prototype Pollution',
26 silly audit report       severity: 'high',
26 silly audit report       vulnerable_versions: '>=1.0.0 <1.15.1',
26 silly audit report       cwe: [Array],
26 silly audit report       cvss: [Object]
26 silly audit report     },
26 silly audit report     {
26 silly audit report       id: 1117595,
26 silly audit report       url: 'https://github.com/advisories/GHSA-xx6v-rp6x-q39c',
26 silly audit report       title: 'Axios: XSRF Token Cross-Origin Leakage via Prototype Pollution Gadget in `withXSRFToken` Boolean Coercion',
26 silly audit report       severity: 'moderate',
26 silly audit report       vulnerable_versions: '>=1.0.0 <1.15.1',
26 silly audit report       cwe: [Array],
26 silly audit report       cvss: [Object]
26 silly audit report     }
26 silly audit report   ]
26 silly audit report }
27 silly packumentCache corgi:https://registry.npmjs.org/axios cache-miss
28 http fetch GET 200 https://registry.npmjs.org/axios 78ms (cache miss)
29 silly packumentCache corgi:https://registry.npmjs.org/axios set size:undefined disposed:false
30 silly packumentCache corgi:https://registry.npmjs.org/razorpay cache-miss
31 http fetch GET 200 https://registry.npmjs.org/razorpay 71ms (cache miss)
32 silly packumentCache corgi:https://registry.npmjs.org/razorpay set size:undefined disposed:false
33 silly ADD node_modules/nodemailer
34 verbose cwd D:\Brainybeam\MarketHub_MERN_Project\backend
35 verbose os Windows_NT 10.0.26200
36 verbose node v22.20.0
37 verbose npm  v10.9.3
38 notice
38 notice New major version of npm available! 10.9.3 -> 11.14.0
38 notice Changelog: https://github.com/npm/cli/releases/tag/v11.14.0
38 notice To update run: npm install -g npm@11.14.0
38 notice  { force: true, [Symbol(proc-log.meta)]: true }
39 verbose exit 0
40 info ok
